java.lang.NoSuchFieldException: override
	at java.base/java.lang.Class.getDeclaredField(Class.java:2417)
	at com.install4j.runtime.util.internal.ReflectionUtil.setUnsafeAccessible(ReflectionUtil.java:46)
	at com.install4j.runtime.util.internal.ReflectionUtil.setAccessible(ReflectionUtil.java:19)
	at com.install4j.runtime.util.ToolTipHelpLabel.initTooltipManager(ToolTipHelpLabel.java:21)
	at com.install4j.runtime.util.ToolTipHelpLabel.registerWithToolTipManager(ToolTipHelpLabel.java:61)
	at com.install4j.runtime.util.ToolTipHelpLabel.<init>(ToolTipHelpLabel.java:38)
	at com.install4j.runtime.beans.formcomponents.UpdateAlertComponent.createCenterComponent(UpdateAlertComponent.java:93)
	at com.install4j.runtime.installer.frontend.FormPanel.addFormComponent(FormPanel.java:508)
	at com.install4j.runtime.installer.frontend.FormPanel.buildPanel(FormPanel.java:382)
	at com.install4j.runtime.installer.frontend.FormPanel.setupComponent(FormPanel.java:310)
	at com.install4j.runtime.installer.frontend.FormPanel.init(FormPanel.java:65)
	at com.install4j.runtime.installer.frontend.FormPanel.<init>(FormPanel.java:55)
	at com.install4j.runtime.installer.frontend.ScreenEnvelope.createFormPanel(ScreenEnvelope.java:87)
	at com.install4j.runtime.installer.frontend.ScreenEnvelope.initFormPanel(ScreenEnvelope.java:81)
	at com.install4j.runtime.installer.frontend.ScreenEnvelope.init(ScreenEnvelope.java:65)
	at com.install4j.runtime.installer.frontend.ScreenEnvelope.<init>(ScreenEnvelope.java:46)
	at com.install4j.runtime.installer.frontend.WizardScreenExecutor$3.run(WizardScreenExecutor.java:268)
	at java.desktop/java.awt.event.InvocationEvent.dispatch(InvocationEvent.java:303)
	at java.desktop/java.awt.EventQueue.dispatchEventImpl(EventQueue.java:770)
	at java.desktop/java.awt.EventQueue$4.run(EventQueue.java:721)
	at java.desktop/java.awt.EventQueue$4.run(EventQueue.java:715)
	at java.base/java.security.AccessController.doPrivileged(AccessController.java:389)
	at java.base/java.security.ProtectionDomain$JavaSecurityAccessImpl.doIntersectionPrivilege(ProtectionDomain.java:85)
	at java.desktop/java.awt.EventQueue.dispatchEvent(EventQueue.java:740)
	at java.desktop/java.awt.EventDispatchThread.pumpOneEventForFilters(EventDispatchThread.java:203)
	at java.desktop/java.awt.EventDispatchThread.pumpEventsForFilter(EventDispatchThread.java:124)
	at java.desktop/java.awt.EventDispatchThread.pumpEventsForHierarchy(EventDispatchThread.java:113)
	at java.desktop/java.awt.EventDispatchThread.pumpEvents(EventDispatchThread.java:109)
	at java.desktop/java.awt.EventDispatchThread.pumpEvents(EventDispatchThread.java:101)
	at java.desktop/java.awt.EventDispatchThread.run(EventDispatchThread.java:90)
java.lang.NoSuchFieldException: override
	at java.base/java.lang.Class.getDeclaredField(Class.java:2417)
	at com.install4j.runtime.util.internal.ReflectionUtil.setUnsafeAccessible(ReflectionUtil.java:46)
	at com.install4j.runtime.util.internal.ReflectionUtil.setAccessible(ReflectionUtil.java:19)
	at com.install4j.runtime.installer.helper.apiimpl.SystemInfoImpl.initPhysicalMemory(SystemInfoImpl.java:76)
	at com.install4j.runtime.installer.helper.apiimpl.SystemInfoImpl.getPhysicalMemory(SystemInfoImpl.java:67)
	at com.install4j.api.SystemInfo.getPhysicalMemory(SystemInfo.java:28)
	at com.install4j.script.I4jScript_Internal_72.eval(I4jScript_Internal_72.java:20)
	at com.install4j.script.I4jScript_Internal_72.evaluate(I4jScript_Internal_72.java:28)
	at com.install4j.runtime.installer.helper.Script.evaluate(Script.java:33)
	at com.install4j.runtime.installer.ContextImpl.runScript(ContextImpl.java:202)
	at com.install4j.runtime.installer.ContextImpl.runScript(ContextImpl.java:196)
	at com.install4j.runtime.beans.actions.control.SetVariableAction.execute(SetVariableAction.java:64)
	at com.install4j.runtime.beans.actions.SystemInstallOrUninstallAction.install(SystemInstallOrUninstallAction.java:29)
	at com.install4j.runtime.installer.ContextImpl$9.executeAction(ContextImpl.java:1699)
	at com.install4j.runtime.installer.ContextImpl$9.fetchValue(ContextImpl.java:1690)
	at com.install4j.runtime.installer.ContextImpl$9.fetchValue(ContextImpl.java:1687)
	at com.install4j.runtime.installer.helper.comm.actions.FetchObjectAction.execute(FetchObjectAction.java:14)
	at com.install4j.runtime.installer.helper.comm.HelperCommunication.executeActionDirect(HelperCommunication.java:271)
	at com.install4j.runtime.installer.helper.comm.HelperCommunication.executeActionInt(HelperCommunication.java:246)
	at com.install4j.runtime.installer.helper.comm.HelperCommunication.executeActionChecked(HelperCommunication.java:184)
	at com.install4j.runtime.installer.helper.comm.HelperCommunication.fetchObjectChecked(HelperCommunication.java:167)
	at com.install4j.runtime.installer.ContextImpl.performActionIntStatic(ContextImpl.java:1687)
	at com.install4j.runtime.installer.InstallerContextImpl.performActionInt(InstallerContextImpl.java:159)
	at com.install4j.runtime.installer.ContextImpl.performAction(ContextImpl.java:1115)
	at com.install4j.runtime.installer.controller.Controller.executeAction(Controller.java:385)
	at com.install4j.runtime.installer.controller.Controller.executeActions(Controller.java:351)
	at com.install4j.runtime.installer.controller.Controller.handleCommand(Controller.java:212)
	at com.install4j.runtime.installer.controller.Controller.handleStartup(Controller.java:133)
	at com.install4j.runtime.installer.controller.Controller.start(Controller.java:90)
	at com.install4j.runtime.installer.Installer.runInProcess(Installer.java:58)
	at com.install4j.runtime.installer.Installer.main(Installer.java:45)
	at java.base/jdk.internal.reflect.NativeMethodAccessorImpl.invoke0(Native Method)
	at java.base/jdk.internal.reflect.NativeMethodAccessorImpl.invoke(NativeMethodAccessorImpl.java:62)
	at java.base/jdk.internal.reflect.DelegatingMethodAccessorImpl.invoke(DelegatingMethodAccessorImpl.java:43)
	at java.base/java.lang.reflect.Method.invoke(Method.java:567)
	at com.exe4j.runtime.LauncherEngine.launch(LauncherEngine.java:85)
	at com.exe4j.runtime.WinLauncher.main(WinLauncher.java:94)
	at com.install4j.runtime.launcher.WinLauncher.main(WinLauncher.java:25)
